Arguments: 
  /Users/yzliang/.nvm/versions/node/v12.13.0/bin/node /Users/yzliang/.nvm/versions/node/v12.13.0/bin/yarn install

PATH: 
  /Users/yzliang/flutter/bin:/usr/local/mongodb/bin:/usr/local/opt/coreutils/libexec/gnubin:/Users/yzliang/.nvm/versions/node/v12.13.0/bin:/Library/Frameworks/Python.framework/Versions/3.7/bin:/usr/local/bin:/usr/bin:/bin:/usr/sbin:/sbin:/Applications/VMware Fusion.app/Contents/Public:/Library/Apple/usr/bin:/Users/yzliang/flutter/bin/cache/dart-sdk/bin

Yarn version: 
  1.21.0

Node version: 
  12.13.0

Platform: 
  darwin x64

Trace: 
  Error: https://registry.npm.taobao.org/postcss-pxtransform/download/postcss-pxtransform-1.3.46.tgz: Request failed "500 Internal Server Error"
      at ResponseError.ExtendableBuiltin (/Users/yzliang/.nvm/versions/node/v12.13.0/lib/node_modules/yarn/lib/cli.js:696:66)
      at new ResponseError (/Users/yzliang/.nvm/versions/node/v12.13.0/lib/node_modules/yarn/lib/cli.js:802:124)
      at Request.<anonymous> (/Users/yzliang/.nvm/versions/node/v12.13.0/lib/node_modules/yarn/lib/cli.js:67008:16)
      at Request.emit (events.js:210:5)
      at Request.module.exports.Request.onRequestResponse (/Users/yzliang/.nvm/versions/node/v12.13.0/lib/node_modules/yarn/lib/cli.js:141499:10)
      at ClientRequest.emit (events.js:210:5)
      at HTTPParser.parserOnIncomingClient [as onIncoming] (_http_client.js:583:27)
      at HTTPParser.parserOnHeadersComplete (_http_common.js:115:17)
      at TLSSocket.socketOnData (_http_client.js:456:22)
      at TLSSocket.emit (events.js:210:5)

npm manifest: 
  {
    "name": "wechat-kaoyan",
    "version": "1.0.0",
    "private": true,
    "description": "wechat-kaoyan",
    "templateInfo": {
      "name": "default",
      "typescript": true,
      "css": "sass"
    },
    "scripts": {
      "build:weapp": "taro build --type weapp",
      "build:swan": "taro build --type swan",
      "build:alipay": "taro build --type alipay",
      "build:tt": "taro build --type tt",
      "build:h5": "taro build --type h5",
      "build:rn": "taro build --type rn",
      "build:qq": "taro build --type qq",
      "build:jd": "taro build --type jd",
      "build:quickapp": "taro build --type quickapp",
      "dev:weapp": "npm run build:weapp -- --watch",
      "dev:swan": "npm run build:swan -- --watch",
      "dev:alipay": "npm run build:alipay -- --watch",
      "dev:tt": "npm run build:tt -- --watch",
      "dev:h5": "npm run build:h5 -- --watch",
      "dev:rn": "npm run build:rn -- --watch",
      "dev:qq": "npm run build:qq -- --watch",
      "dev:jd": "npm run build:jd -- --watch",
      "dev:quickapp": "npm run build:quickapp -- --watch"
    },
    "browserslist": [
      "last 3 versions",
      "Android >= 4.1",
      "ios >= 8"
    ],
    "author": "",
    "dependencies": {
      "@babel/runtime": "^7.7.7",
      "@tarojs/components": "3.0.22",
      "@tarojs/runtime": "3.0.22",
      "@tarojs/taro": "3.0.22",
      "@tarojs/react": "3.0.22",
      "react-dom": "^16.10.0",
      "react": "^16.10.0"
    },
    "devDependencies": {
      "@types/webpack-env": "^1.13.6",
      "@types/react": "^16.0.0",
      "@tarojs/mini-runner": "3.0.22",
      "@babel/core": "^7.8.0",
      "@tarojs/webpack-runner": "3.0.22",
      "babel-preset-taro": "3.0.22",
      "eslint-config-taro": "3.0.22",
      "eslint": "^6.8.0",
      "eslint-plugin-react": "^7.8.2",
      "eslint-plugin-import": "^2.12.0",
      "eslint-plugin-react-hooks": "^1.6.1",
      "stylelint": "9.3.0",
      "@typescript-eslint/parser": "^2.x",
      "@typescript-eslint/eslint-plugin": "^2.x",
      "typescript": "^3.7.0"
    }
  }

yarn manifest: 
  No manifest

Lockfile: 
  No lockfile
